<?xml version="1.0" encoding="UTF-8"?>
<!-- Generated by org.testng.reporters.JUnitXMLReporter -->
<testsuite hostname="IN00302" ignored="0" name="Transactions_Module_010" tests="1" failures="1" timestamp="08 Feb 2019 11:57:24 GMT" time="53.142" errors="0">
  <testcase name="Transactions_Module_010" time="42.386" classname="testcases.Transactions_Module">
    <failure type="exceptions.SeleniumExceptions" message="Database column &amp;apos;CommNotes&amp;apos; with value &amp;apos;SUT_RE&amp;apos; does not matches with portal value &amp;apos;&amp;apos;">
      <![CDATA[exceptions.SeleniumExceptions: Database column 'CommNotes' with value 'SUT_RE' does not matches with portal value ''
at helper.CommonKeywords.compareWithDB(CommonKeywords.java:975)
at helper.CommonKeywords.getWebelementAction(CommonKeywords.java:235)
at readexcel.ReadProjectReusables.performAction(ReadProjectReusables.java:223)
at readexcel.ReadProjectReusables.getActionSteps1(ReadProjectReusables.java:190)
at readexcel.TestcaseFlow.runSingleTest(TestcaseFlow.java:43)
at testcases.Transactions_Module.Transactions_Module_010(Transactions_Module.java:9)
at java.util.concurrent.ThreadPoolExecutor.runWorker(Unknown Source)
at java.util.concurrent.ThreadPoolExecutor$Worker.run(Unknown Source)
at java.lang.Thread.run(Unknown Source)
... Removed 18 stack frames]]>
    </failure>
  </testcase> <!-- Transactions_Module_010 -->
</testsuite> <!-- Transactions_Module_010 -->
