<?xml version="1.0" encoding="UTF-8"?>
<!-- Generated by org.testng.reporters.JUnitXMLReporter -->
<testsuite hostname="IN00302" ignored="0" name="Remuneration_Module_016" tests="2" failures="0" timestamp="14 Jan 2019 13:41:56 GMT" time="8.145" errors="0">
  <testcase name="@BeforeMethod beforeMethod" time="0.006" classname="helper.WebdriverHelper">
    <failure type="java.lang.NullPointerException">
      <![CDATA[java.lang.NullPointerException
at com.aventstack.extentreports.reporter.BasicFileReporter.refreshStatusCollection(BasicFileReporter.java:40)
at com.aventstack.extentreports.Report.lambda$renewStatusCollection$5(Report.java:111)
at java.util.ArrayList.forEach(Unknown Source)
at com.aventstack.extentreports.Report.renewStatusCollection(Report.java:111)
at com.aventstack.extentreports.Report.removeTest(Report.java:87)
at com.aventstack.extentreports.ExtentReports.removeTest(ExtentReports.java:267)
at helper.WebdriverHelper.beforeMethod(WebdriverHelper.java:251)
at java.util.concurrent.ThreadPoolExecutor.runWorker(Unknown Source)
at java.util.concurrent.ThreadPoolExecutor$Worker.run(Unknown Source)
at java.lang.Thread.run(Unknown Source)
... Removed 21 stack frames]]>
    </failure>
  </testcase> <!-- @BeforeMethod beforeMethod -->
  <testcase name="@AfterMethod tearDown" time="0.001" classname="helper.WebdriverHelper">
    <failure type="java.lang.NullPointerException">
      <![CDATA[java.lang.NullPointerException
at helper.WebdriverHelper.tearDown(WebdriverHelper.java:294)
at java.util.concurrent.ThreadPoolExecutor.runWorker(Unknown Source)
at java.util.concurrent.ThreadPoolExecutor$Worker.run(Unknown Source)
at java.lang.Thread.run(Unknown Source)
... Removed 21 stack frames]]>
    </failure>
  </testcase> <!-- @AfterMethod tearDown -->
  <testcase name="Remuneration_Module_016" time="0.0" classname="testcases.Remuneration_Module">
    <skipped/>
  </testcase> <!-- Remuneration_Module_016 -->
  <testcase name="Remuneration_Module_016" time="0.0" classname="testcases.Remuneration_Module">
    <skipped/>
  </testcase> <!-- Remuneration_Module_016 -->
</testsuite> <!-- Remuneration_Module_016 -->
