<?xml version="1.0" encoding="UTF-8"?>
<!-- Generated by org.testng.reporters.JUnitXMLReporter -->
<testsuite hostname="IN00302" ignored="0" name="Remuneration_Module_029" tests="2" failures="0" timestamp="15 Jan 2019 10:01:09 GMT" time="5.038" errors="0">
  <testcase name="@BeforeMethod beforeMethod" time="0.019" classname="helper.WebdriverHelper">
    <failure type="java.lang.NullPointerException">
      <![CDATA[java.lang.NullPointerException
at com.aventstack.extentreports.reporter.BasicFileReporter.refreshStatusCollection(BasicFileReporter.java:40)
at com.aventstack.extentreports.Report.lambda$renewStatusCollection$5(Report.java:111)
at java.util.ArrayList.forEach(Unknown Source)
at com.aventstack.extentreports.Report.renewStatusCollection(Report.java:111)
at com.aventstack.extentreports.Report.removeTest(Report.java:87)
at com.aventstack.extentreports.ExtentReports.removeTest(ExtentReports.java:267)
at helper.WebdriverHelper.beforeMethod(WebdriverHelper.java:251)
at java.util.concurrent.ThreadPoolExecutor.runWorker(Unknown Source)
at java.util.concurrent.ThreadPoolExecutor$Worker.run(Unknown Source)
at java.lang.Thread.run(Unknown Source)
... Removed 21 stack frames]]>
    </failure>
  </testcase> <!-- @BeforeMethod beforeMethod -->
  <testcase name="@AfterMethod tearDown" time="0.002" classname="helper.WebdriverHelper">
    <failure type="java.lang.NullPointerException">
      <![CDATA[java.lang.NullPointerException
at helper.WebdriverHelper.tearDown(WebdriverHelper.java:298)
at java.util.concurrent.ThreadPoolExecutor.runWorker(Unknown Source)
at java.util.concurrent.ThreadPoolExecutor$Worker.run(Unknown Source)
at java.lang.Thread.run(Unknown Source)
... Removed 21 stack frames]]>
    </failure>
  </testcase> <!-- @AfterMethod tearDown -->
  <testcase name="Remuneration_Module_029" time="0.0" classname="testcases.Remuneration_Module">
    <skipped/>
  </testcase> <!-- Remuneration_Module_029 -->
  <testcase name="Remuneration_Module_029" time="0.0" classname="testcases.Remuneration_Module">
    <skipped/>
  </testcase> <!-- Remuneration_Module_029 -->
</testsuite> <!-- Remuneration_Module_029 -->
